ARM GAS  C:\Users\hopnt\AppData\Local\Temp\ccSAVbhl.s 			page 1


   1              		.cpu cortex-m3
   2              		.arch armv7-m
   3              		.fpu softvfp
   4              		.eabi_attribute 20, 1
   5              		.eabi_attribute 21, 1
   6              		.eabi_attribute 23, 3
   7              		.eabi_attribute 24, 1
   8              		.eabi_attribute 25, 1
   9              		.eabi_attribute 26, 1
  10              		.eabi_attribute 30, 6
  11              		.eabi_attribute 34, 1
  12              		.eabi_attribute 18, 4
  13              		.file	"stm32f10x_gpio.c"
  14              		.text
  15              		.section	.text.GPIO_DeInit,"ax",%progbits
  16              		.align	1
  17              		.global	GPIO_DeInit
  18              		.syntax unified
  19              		.thumb
  20              		.thumb_func
  22              	GPIO_DeInit:
  23              		@ args = 0, pretend = 0, frame = 8
  24              		@ frame_needed = 1, uses_anonymous_args = 0
  25 0000 80B5     		push	{r7, lr}
  26 0002 82B0     		sub	sp, sp, #8
  27 0004 00AF     		add	r7, sp, #0
  28 0006 7860     		str	r0, [r7, #4]
  29 0008 7B68     		ldr	r3, [r7, #4]
  30 000a 2F4A     		ldr	r2, .L10
  31 000c 9342     		cmp	r3, r2
  32 000e 08D1     		bne	.L2
  33 0010 0121     		movs	r1, #1
  34 0012 0420     		movs	r0, #4
  35 0014 FFF7FEFF 		bl	RCC_APB2PeriphResetCmd
  36 0018 0021     		movs	r1, #0
  37 001a 0420     		movs	r0, #4
  38 001c FFF7FEFF 		bl	RCC_APB2PeriphResetCmd
  39 0020 4EE0     		b	.L9
  40              	.L2:
  41 0022 7B68     		ldr	r3, [r7, #4]
  42 0024 294A     		ldr	r2, .L10+4
  43 0026 9342     		cmp	r3, r2
  44 0028 08D1     		bne	.L4
  45 002a 0121     		movs	r1, #1
  46 002c 0820     		movs	r0, #8
  47 002e FFF7FEFF 		bl	RCC_APB2PeriphResetCmd
  48 0032 0021     		movs	r1, #0
  49 0034 0820     		movs	r0, #8
  50 0036 FFF7FEFF 		bl	RCC_APB2PeriphResetCmd
  51 003a 41E0     		b	.L9
  52              	.L4:
  53 003c 7B68     		ldr	r3, [r7, #4]
  54 003e 244A     		ldr	r2, .L10+8
  55 0040 9342     		cmp	r3, r2
  56 0042 08D1     		bne	.L5
  57 0044 0121     		movs	r1, #1
  58 0046 1020     		movs	r0, #16
ARM GAS  C:\Users\hopnt\AppData\Local\Temp\ccSAVbhl.s 			page 2


  59 0048 FFF7FEFF 		bl	RCC_APB2PeriphResetCmd
  60 004c 0021     		movs	r1, #0
  61 004e 1020     		movs	r0, #16
  62 0050 FFF7FEFF 		bl	RCC_APB2PeriphResetCmd
  63 0054 34E0     		b	.L9
  64              	.L5:
  65 0056 7B68     		ldr	r3, [r7, #4]
  66 0058 1E4A     		ldr	r2, .L10+12
  67 005a 9342     		cmp	r3, r2
  68 005c 08D1     		bne	.L6
  69 005e 0121     		movs	r1, #1
  70 0060 2020     		movs	r0, #32
  71 0062 FFF7FEFF 		bl	RCC_APB2PeriphResetCmd
  72 0066 0021     		movs	r1, #0
  73 0068 2020     		movs	r0, #32
  74 006a FFF7FEFF 		bl	RCC_APB2PeriphResetCmd
  75 006e 27E0     		b	.L9
  76              	.L6:
  77 0070 7B68     		ldr	r3, [r7, #4]
  78 0072 194A     		ldr	r2, .L10+16
  79 0074 9342     		cmp	r3, r2
  80 0076 08D1     		bne	.L7
  81 0078 0121     		movs	r1, #1
  82 007a 4020     		movs	r0, #64
  83 007c FFF7FEFF 		bl	RCC_APB2PeriphResetCmd
  84 0080 0021     		movs	r1, #0
  85 0082 4020     		movs	r0, #64
  86 0084 FFF7FEFF 		bl	RCC_APB2PeriphResetCmd
  87 0088 1AE0     		b	.L9
  88              	.L7:
  89 008a 7B68     		ldr	r3, [r7, #4]
  90 008c 134A     		ldr	r2, .L10+20
  91 008e 9342     		cmp	r3, r2
  92 0090 08D1     		bne	.L8
  93 0092 0121     		movs	r1, #1
  94 0094 8020     		movs	r0, #128
  95 0096 FFF7FEFF 		bl	RCC_APB2PeriphResetCmd
  96 009a 0021     		movs	r1, #0
  97 009c 8020     		movs	r0, #128
  98 009e FFF7FEFF 		bl	RCC_APB2PeriphResetCmd
  99 00a2 0DE0     		b	.L9
 100              	.L8:
 101 00a4 7B68     		ldr	r3, [r7, #4]
 102 00a6 0E4A     		ldr	r2, .L10+24
 103 00a8 9342     		cmp	r3, r2
 104 00aa 09D1     		bne	.L9
 105 00ac 0121     		movs	r1, #1
 106 00ae 4FF48070 		mov	r0, #256
 107 00b2 FFF7FEFF 		bl	RCC_APB2PeriphResetCmd
 108 00b6 0021     		movs	r1, #0
 109 00b8 4FF48070 		mov	r0, #256
 110 00bc FFF7FEFF 		bl	RCC_APB2PeriphResetCmd
 111              	.L9:
 112 00c0 00BF     		nop
 113 00c2 0837     		adds	r7, r7, #8
 114 00c4 BD46     		mov	sp, r7
 115              		@ sp needed
ARM GAS  C:\Users\hopnt\AppData\Local\Temp\ccSAVbhl.s 			page 3


 116 00c6 80BD     		pop	{r7, pc}
 117              	.L11:
 118              		.align	2
 119              	.L10:
 120 00c8 00080140 		.word	1073809408
 121 00cc 000C0140 		.word	1073810432
 122 00d0 00100140 		.word	1073811456
 123 00d4 00140140 		.word	1073812480
 124 00d8 00180140 		.word	1073813504
 125 00dc 001C0140 		.word	1073814528
 126 00e0 00200140 		.word	1073815552
 128              		.section	.text.GPIO_AFIODeInit,"ax",%progbits
 129              		.align	1
 130              		.global	GPIO_AFIODeInit
 131              		.syntax unified
 132              		.thumb
 133              		.thumb_func
 135              	GPIO_AFIODeInit:
 136              		@ args = 0, pretend = 0, frame = 0
 137              		@ frame_needed = 1, uses_anonymous_args = 0
 138 0000 80B5     		push	{r7, lr}
 139 0002 00AF     		add	r7, sp, #0
 140 0004 0121     		movs	r1, #1
 141 0006 0120     		movs	r0, #1
 142 0008 FFF7FEFF 		bl	RCC_APB2PeriphResetCmd
 143 000c 0021     		movs	r1, #0
 144 000e 0120     		movs	r0, #1
 145 0010 FFF7FEFF 		bl	RCC_APB2PeriphResetCmd
 146 0014 00BF     		nop
 147 0016 80BD     		pop	{r7, pc}
 149              		.section	.text.GPIO_Init,"ax",%progbits
 150              		.align	1
 151              		.global	GPIO_Init
 152              		.syntax unified
 153              		.thumb
 154              		.thumb_func
 156              	GPIO_Init:
 157              		@ args = 0, pretend = 0, frame = 32
 158              		@ frame_needed = 1, uses_anonymous_args = 0
 159              		@ link register save eliminated.
 160 0000 80B4     		push	{r7}
 161 0002 89B0     		sub	sp, sp, #36
 162 0004 00AF     		add	r7, sp, #0
 163 0006 7860     		str	r0, [r7, #4]
 164 0008 3960     		str	r1, [r7]
 165 000a 0023     		movs	r3, #0
 166 000c FB61     		str	r3, [r7, #28]
 167 000e 0023     		movs	r3, #0
 168 0010 3B61     		str	r3, [r7, #16]
 169 0012 0023     		movs	r3, #0
 170 0014 BB61     		str	r3, [r7, #24]
 171 0016 0023     		movs	r3, #0
 172 0018 FB60     		str	r3, [r7, #12]
 173 001a 0023     		movs	r3, #0
 174 001c 7B61     		str	r3, [r7, #20]
 175 001e 0023     		movs	r3, #0
 176 0020 BB60     		str	r3, [r7, #8]
ARM GAS  C:\Users\hopnt\AppData\Local\Temp\ccSAVbhl.s 			page 4


 177 0022 3B68     		ldr	r3, [r7]
 178 0024 DB78     		ldrb	r3, [r3, #3]	@ zero_extendqisi2
 179 0026 03F00F03 		and	r3, r3, #15
 180 002a FB61     		str	r3, [r7, #28]
 181 002c 3B68     		ldr	r3, [r7]
 182 002e DB78     		ldrb	r3, [r3, #3]	@ zero_extendqisi2
 183 0030 03F01003 		and	r3, r3, #16
 184 0034 002B     		cmp	r3, #0
 185 0036 05D0     		beq	.L14
 186 0038 3B68     		ldr	r3, [r7]
 187 003a 9B78     		ldrb	r3, [r3, #2]	@ zero_extendqisi2
 188 003c 1A46     		mov	r2, r3
 189 003e FB69     		ldr	r3, [r7, #28]
 190 0040 1343     		orrs	r3, r3, r2
 191 0042 FB61     		str	r3, [r7, #28]
 192              	.L14:
 193 0044 3B68     		ldr	r3, [r7]
 194 0046 1B88     		ldrh	r3, [r3]
 195 0048 DBB2     		uxtb	r3, r3
 196 004a 002B     		cmp	r3, #0
 197 004c 44D0     		beq	.L15
 198 004e 7B68     		ldr	r3, [r7, #4]
 199 0050 1B68     		ldr	r3, [r3]
 200 0052 7B61     		str	r3, [r7, #20]
 201 0054 0023     		movs	r3, #0
 202 0056 BB61     		str	r3, [r7, #24]
 203 0058 38E0     		b	.L16
 204              	.L19:
 205 005a 0122     		movs	r2, #1
 206 005c BB69     		ldr	r3, [r7, #24]
 207 005e 02FA03F3 		lsl	r3, r2, r3
 208 0062 FB60     		str	r3, [r7, #12]
 209 0064 3B68     		ldr	r3, [r7]
 210 0066 1B88     		ldrh	r3, [r3]
 211 0068 1A46     		mov	r2, r3
 212 006a FB68     		ldr	r3, [r7, #12]
 213 006c 1340     		ands	r3, r3, r2
 214 006e 3B61     		str	r3, [r7, #16]
 215 0070 3A69     		ldr	r2, [r7, #16]
 216 0072 FB68     		ldr	r3, [r7, #12]
 217 0074 9A42     		cmp	r2, r3
 218 0076 26D1     		bne	.L17
 219 0078 BB69     		ldr	r3, [r7, #24]
 220 007a 9B00     		lsls	r3, r3, #2
 221 007c FB60     		str	r3, [r7, #12]
 222 007e 0F22     		movs	r2, #15
 223 0080 FB68     		ldr	r3, [r7, #12]
 224 0082 02FA03F3 		lsl	r3, r2, r3
 225 0086 BB60     		str	r3, [r7, #8]
 226 0088 BB68     		ldr	r3, [r7, #8]
 227 008a DB43     		mvns	r3, r3
 228 008c 7A69     		ldr	r2, [r7, #20]
 229 008e 1340     		ands	r3, r3, r2
 230 0090 7B61     		str	r3, [r7, #20]
 231 0092 FA69     		ldr	r2, [r7, #28]
 232 0094 FB68     		ldr	r3, [r7, #12]
 233 0096 02FA03F3 		lsl	r3, r2, r3
ARM GAS  C:\Users\hopnt\AppData\Local\Temp\ccSAVbhl.s 			page 5


 234 009a 7A69     		ldr	r2, [r7, #20]
 235 009c 1343     		orrs	r3, r3, r2
 236 009e 7B61     		str	r3, [r7, #20]
 237 00a0 3B68     		ldr	r3, [r7]
 238 00a2 DB78     		ldrb	r3, [r3, #3]	@ zero_extendqisi2
 239 00a4 282B     		cmp	r3, #40
 240 00a6 05D1     		bne	.L18
 241 00a8 0122     		movs	r2, #1
 242 00aa BB69     		ldr	r3, [r7, #24]
 243 00ac 9A40     		lsls	r2, r2, r3
 244 00ae 7B68     		ldr	r3, [r7, #4]
 245 00b0 5A61     		str	r2, [r3, #20]
 246 00b2 08E0     		b	.L17
 247              	.L18:
 248 00b4 3B68     		ldr	r3, [r7]
 249 00b6 DB78     		ldrb	r3, [r3, #3]	@ zero_extendqisi2
 250 00b8 482B     		cmp	r3, #72
 251 00ba 04D1     		bne	.L17
 252 00bc 0122     		movs	r2, #1
 253 00be BB69     		ldr	r3, [r7, #24]
 254 00c0 9A40     		lsls	r2, r2, r3
 255 00c2 7B68     		ldr	r3, [r7, #4]
 256 00c4 1A61     		str	r2, [r3, #16]
 257              	.L17:
 258 00c6 BB69     		ldr	r3, [r7, #24]
 259 00c8 0133     		adds	r3, r3, #1
 260 00ca BB61     		str	r3, [r7, #24]
 261              	.L16:
 262 00cc BB69     		ldr	r3, [r7, #24]
 263 00ce 072B     		cmp	r3, #7
 264 00d0 C3D9     		bls	.L19
 265 00d2 7B68     		ldr	r3, [r7, #4]
 266 00d4 7A69     		ldr	r2, [r7, #20]
 267 00d6 1A60     		str	r2, [r3]
 268              	.L15:
 269 00d8 3B68     		ldr	r3, [r7]
 270 00da 1B88     		ldrh	r3, [r3]
 271 00dc FF2B     		cmp	r3, #255
 272 00de 46D9     		bls	.L25
 273 00e0 7B68     		ldr	r3, [r7, #4]
 274 00e2 5B68     		ldr	r3, [r3, #4]
 275 00e4 7B61     		str	r3, [r7, #20]
 276 00e6 0023     		movs	r3, #0
 277 00e8 BB61     		str	r3, [r7, #24]
 278 00ea 3AE0     		b	.L21
 279              	.L24:
 280 00ec BB69     		ldr	r3, [r7, #24]
 281 00ee 0833     		adds	r3, r3, #8
 282 00f0 0122     		movs	r2, #1
 283 00f2 02FA03F3 		lsl	r3, r2, r3
 284 00f6 FB60     		str	r3, [r7, #12]
 285 00f8 3B68     		ldr	r3, [r7]
 286 00fa 1B88     		ldrh	r3, [r3]
 287 00fc 1A46     		mov	r2, r3
 288 00fe FB68     		ldr	r3, [r7, #12]
 289 0100 1340     		ands	r3, r3, r2
 290 0102 3B61     		str	r3, [r7, #16]
ARM GAS  C:\Users\hopnt\AppData\Local\Temp\ccSAVbhl.s 			page 6


 291 0104 3A69     		ldr	r2, [r7, #16]
 292 0106 FB68     		ldr	r3, [r7, #12]
 293 0108 9A42     		cmp	r2, r3
 294 010a 27D1     		bne	.L22
 295 010c BB69     		ldr	r3, [r7, #24]
 296 010e 9B00     		lsls	r3, r3, #2
 297 0110 FB60     		str	r3, [r7, #12]
 298 0112 0F22     		movs	r2, #15
 299 0114 FB68     		ldr	r3, [r7, #12]
 300 0116 02FA03F3 		lsl	r3, r2, r3
 301 011a BB60     		str	r3, [r7, #8]
 302 011c BB68     		ldr	r3, [r7, #8]
 303 011e DB43     		mvns	r3, r3
 304 0120 7A69     		ldr	r2, [r7, #20]
 305 0122 1340     		ands	r3, r3, r2
 306 0124 7B61     		str	r3, [r7, #20]
 307 0126 FA69     		ldr	r2, [r7, #28]
 308 0128 FB68     		ldr	r3, [r7, #12]
 309 012a 02FA03F3 		lsl	r3, r2, r3
 310 012e 7A69     		ldr	r2, [r7, #20]
 311 0130 1343     		orrs	r3, r3, r2
 312 0132 7B61     		str	r3, [r7, #20]
 313 0134 3B68     		ldr	r3, [r7]
 314 0136 DB78     		ldrb	r3, [r3, #3]	@ zero_extendqisi2
 315 0138 282B     		cmp	r3, #40
 316 013a 05D1     		bne	.L23
 317 013c BB69     		ldr	r3, [r7, #24]
 318 013e 0833     		adds	r3, r3, #8
 319 0140 0122     		movs	r2, #1
 320 0142 9A40     		lsls	r2, r2, r3
 321 0144 7B68     		ldr	r3, [r7, #4]
 322 0146 5A61     		str	r2, [r3, #20]
 323              	.L23:
 324 0148 3B68     		ldr	r3, [r7]
 325 014a DB78     		ldrb	r3, [r3, #3]	@ zero_extendqisi2
 326 014c 482B     		cmp	r3, #72
 327 014e 05D1     		bne	.L22
 328 0150 BB69     		ldr	r3, [r7, #24]
 329 0152 0833     		adds	r3, r3, #8
 330 0154 0122     		movs	r2, #1
 331 0156 9A40     		lsls	r2, r2, r3
 332 0158 7B68     		ldr	r3, [r7, #4]
 333 015a 1A61     		str	r2, [r3, #16]
 334              	.L22:
 335 015c BB69     		ldr	r3, [r7, #24]
 336 015e 0133     		adds	r3, r3, #1
 337 0160 BB61     		str	r3, [r7, #24]
 338              	.L21:
 339 0162 BB69     		ldr	r3, [r7, #24]
 340 0164 072B     		cmp	r3, #7
 341 0166 C1D9     		bls	.L24
 342 0168 7B68     		ldr	r3, [r7, #4]
 343 016a 7A69     		ldr	r2, [r7, #20]
 344 016c 5A60     		str	r2, [r3, #4]
 345              	.L25:
 346 016e 00BF     		nop
 347 0170 2437     		adds	r7, r7, #36
ARM GAS  C:\Users\hopnt\AppData\Local\Temp\ccSAVbhl.s 			page 7


 348 0172 BD46     		mov	sp, r7
 349              		@ sp needed
 350 0174 80BC     		pop	{r7}
 351 0176 7047     		bx	lr
 353              		.section	.text.GPIO_StructInit,"ax",%progbits
 354              		.align	1
 355              		.global	GPIO_StructInit
 356              		.syntax unified
 357              		.thumb
 358              		.thumb_func
 360              	GPIO_StructInit:
 361              		@ args = 0, pretend = 0, frame = 8
 362              		@ frame_needed = 1, uses_anonymous_args = 0
 363              		@ link register save eliminated.
 364 0000 80B4     		push	{r7}
 365 0002 83B0     		sub	sp, sp, #12
 366 0004 00AF     		add	r7, sp, #0
 367 0006 7860     		str	r0, [r7, #4]
 368 0008 7B68     		ldr	r3, [r7, #4]
 369 000a 4FF6FF72 		movw	r2, #65535
 370 000e 1A80     		strh	r2, [r3]	@ movhi
 371 0010 7B68     		ldr	r3, [r7, #4]
 372 0012 0222     		movs	r2, #2
 373 0014 9A70     		strb	r2, [r3, #2]
 374 0016 7B68     		ldr	r3, [r7, #4]
 375 0018 0422     		movs	r2, #4
 376 001a DA70     		strb	r2, [r3, #3]
 377 001c 00BF     		nop
 378 001e 0C37     		adds	r7, r7, #12
 379 0020 BD46     		mov	sp, r7
 380              		@ sp needed
 381 0022 80BC     		pop	{r7}
 382 0024 7047     		bx	lr
 384              		.section	.text.GPIO_ReadInputDataBit,"ax",%progbits
 385              		.align	1
 386              		.global	GPIO_ReadInputDataBit
 387              		.syntax unified
 388              		.thumb
 389              		.thumb_func
 391              	GPIO_ReadInputDataBit:
 392              		@ args = 0, pretend = 0, frame = 16
 393              		@ frame_needed = 1, uses_anonymous_args = 0
 394              		@ link register save eliminated.
 395 0000 80B4     		push	{r7}
 396 0002 85B0     		sub	sp, sp, #20
 397 0004 00AF     		add	r7, sp, #0
 398 0006 7860     		str	r0, [r7, #4]
 399 0008 0B46     		mov	r3, r1
 400 000a 7B80     		strh	r3, [r7, #2]	@ movhi
 401 000c 0023     		movs	r3, #0
 402 000e FB73     		strb	r3, [r7, #15]
 403 0010 7B68     		ldr	r3, [r7, #4]
 404 0012 9A68     		ldr	r2, [r3, #8]
 405 0014 7B88     		ldrh	r3, [r7, #2]
 406 0016 1340     		ands	r3, r3, r2
 407 0018 002B     		cmp	r3, #0
 408 001a 02D0     		beq	.L28
ARM GAS  C:\Users\hopnt\AppData\Local\Temp\ccSAVbhl.s 			page 8


 409 001c 0123     		movs	r3, #1
 410 001e FB73     		strb	r3, [r7, #15]
 411 0020 01E0     		b	.L29
 412              	.L28:
 413 0022 0023     		movs	r3, #0
 414 0024 FB73     		strb	r3, [r7, #15]
 415              	.L29:
 416 0026 FB7B     		ldrb	r3, [r7, #15]	@ zero_extendqisi2
 417 0028 1846     		mov	r0, r3
 418 002a 1437     		adds	r7, r7, #20
 419 002c BD46     		mov	sp, r7
 420              		@ sp needed
 421 002e 80BC     		pop	{r7}
 422 0030 7047     		bx	lr
 424              		.section	.text.GPIO_ReadInputData,"ax",%progbits
 425              		.align	1
 426              		.global	GPIO_ReadInputData
 427              		.syntax unified
 428              		.thumb
 429              		.thumb_func
 431              	GPIO_ReadInputData:
 432              		@ args = 0, pretend = 0, frame = 8
 433              		@ frame_needed = 1, uses_anonymous_args = 0
 434              		@ link register save eliminated.
 435 0000 80B4     		push	{r7}
 436 0002 83B0     		sub	sp, sp, #12
 437 0004 00AF     		add	r7, sp, #0
 438 0006 7860     		str	r0, [r7, #4]
 439 0008 7B68     		ldr	r3, [r7, #4]
 440 000a 9B68     		ldr	r3, [r3, #8]
 441 000c 9BB2     		uxth	r3, r3
 442 000e 1846     		mov	r0, r3
 443 0010 0C37     		adds	r7, r7, #12
 444 0012 BD46     		mov	sp, r7
 445              		@ sp needed
 446 0014 80BC     		pop	{r7}
 447 0016 7047     		bx	lr
 449              		.section	.text.GPIO_ReadOutputDataBit,"ax",%progbits
 450              		.align	1
 451              		.global	GPIO_ReadOutputDataBit
 452              		.syntax unified
 453              		.thumb
 454              		.thumb_func
 456              	GPIO_ReadOutputDataBit:
 457              		@ args = 0, pretend = 0, frame = 16
 458              		@ frame_needed = 1, uses_anonymous_args = 0
 459              		@ link register save eliminated.
 460 0000 80B4     		push	{r7}
 461 0002 85B0     		sub	sp, sp, #20
 462 0004 00AF     		add	r7, sp, #0
 463 0006 7860     		str	r0, [r7, #4]
 464 0008 0B46     		mov	r3, r1
 465 000a 7B80     		strh	r3, [r7, #2]	@ movhi
 466 000c 0023     		movs	r3, #0
 467 000e FB73     		strb	r3, [r7, #15]
 468 0010 7B68     		ldr	r3, [r7, #4]
 469 0012 DA68     		ldr	r2, [r3, #12]
ARM GAS  C:\Users\hopnt\AppData\Local\Temp\ccSAVbhl.s 			page 9


 470 0014 7B88     		ldrh	r3, [r7, #2]
 471 0016 1340     		ands	r3, r3, r2
 472 0018 002B     		cmp	r3, #0
 473 001a 02D0     		beq	.L34
 474 001c 0123     		movs	r3, #1
 475 001e FB73     		strb	r3, [r7, #15]
 476 0020 01E0     		b	.L35
 477              	.L34:
 478 0022 0023     		movs	r3, #0
 479 0024 FB73     		strb	r3, [r7, #15]
 480              	.L35:
 481 0026 FB7B     		ldrb	r3, [r7, #15]	@ zero_extendqisi2
 482 0028 1846     		mov	r0, r3
 483 002a 1437     		adds	r7, r7, #20
 484 002c BD46     		mov	sp, r7
 485              		@ sp needed
 486 002e 80BC     		pop	{r7}
 487 0030 7047     		bx	lr
 489              		.section	.text.GPIO_ReadOutputData,"ax",%progbits
 490              		.align	1
 491              		.global	GPIO_ReadOutputData
 492              		.syntax unified
 493              		.thumb
 494              		.thumb_func
 496              	GPIO_ReadOutputData:
 497              		@ args = 0, pretend = 0, frame = 8
 498              		@ frame_needed = 1, uses_anonymous_args = 0
 499              		@ link register save eliminated.
 500 0000 80B4     		push	{r7}
 501 0002 83B0     		sub	sp, sp, #12
 502 0004 00AF     		add	r7, sp, #0
 503 0006 7860     		str	r0, [r7, #4]
 504 0008 7B68     		ldr	r3, [r7, #4]
 505 000a DB68     		ldr	r3, [r3, #12]
 506 000c 9BB2     		uxth	r3, r3
 507 000e 1846     		mov	r0, r3
 508 0010 0C37     		adds	r7, r7, #12
 509 0012 BD46     		mov	sp, r7
 510              		@ sp needed
 511 0014 80BC     		pop	{r7}
 512 0016 7047     		bx	lr
 514              		.section	.text.GPIO_SetBits,"ax",%progbits
 515              		.align	1
 516              		.global	GPIO_SetBits
 517              		.syntax unified
 518              		.thumb
 519              		.thumb_func
 521              	GPIO_SetBits:
 522              		@ args = 0, pretend = 0, frame = 8
 523              		@ frame_needed = 1, uses_anonymous_args = 0
 524              		@ link register save eliminated.
 525 0000 80B4     		push	{r7}
 526 0002 83B0     		sub	sp, sp, #12
 527 0004 00AF     		add	r7, sp, #0
 528 0006 7860     		str	r0, [r7, #4]
 529 0008 0B46     		mov	r3, r1
 530 000a 7B80     		strh	r3, [r7, #2]	@ movhi
ARM GAS  C:\Users\hopnt\AppData\Local\Temp\ccSAVbhl.s 			page 10


 531 000c 7A88     		ldrh	r2, [r7, #2]
 532 000e 7B68     		ldr	r3, [r7, #4]
 533 0010 1A61     		str	r2, [r3, #16]
 534 0012 00BF     		nop
 535 0014 0C37     		adds	r7, r7, #12
 536 0016 BD46     		mov	sp, r7
 537              		@ sp needed
 538 0018 80BC     		pop	{r7}
 539 001a 7047     		bx	lr
 541              		.section	.text.GPIO_ResetBits,"ax",%progbits
 542              		.align	1
 543              		.global	GPIO_ResetBits
 544              		.syntax unified
 545              		.thumb
 546              		.thumb_func
 548              	GPIO_ResetBits:
 549              		@ args = 0, pretend = 0, frame = 8
 550              		@ frame_needed = 1, uses_anonymous_args = 0
 551              		@ link register save eliminated.
 552 0000 80B4     		push	{r7}
 553 0002 83B0     		sub	sp, sp, #12
 554 0004 00AF     		add	r7, sp, #0
 555 0006 7860     		str	r0, [r7, #4]
 556 0008 0B46     		mov	r3, r1
 557 000a 7B80     		strh	r3, [r7, #2]	@ movhi
 558 000c 7A88     		ldrh	r2, [r7, #2]
 559 000e 7B68     		ldr	r3, [r7, #4]
 560 0010 5A61     		str	r2, [r3, #20]
 561 0012 00BF     		nop
 562 0014 0C37     		adds	r7, r7, #12
 563 0016 BD46     		mov	sp, r7
 564              		@ sp needed
 565 0018 80BC     		pop	{r7}
 566 001a 7047     		bx	lr
 568              		.section	.text.GPIO_TogglePin,"ax",%progbits
 569              		.align	1
 570              		.global	GPIO_TogglePin
 571              		.syntax unified
 572              		.thumb
 573              		.thumb_func
 575              	GPIO_TogglePin:
 576              		@ args = 0, pretend = 0, frame = 8
 577              		@ frame_needed = 1, uses_anonymous_args = 0
 578              		@ link register save eliminated.
 579 0000 80B4     		push	{r7}
 580 0002 83B0     		sub	sp, sp, #12
 581 0004 00AF     		add	r7, sp, #0
 582 0006 7860     		str	r0, [r7, #4]
 583 0008 0B46     		mov	r3, r1
 584 000a 7B80     		strh	r3, [r7, #2]	@ movhi
 585 000c 7B68     		ldr	r3, [r7, #4]
 586 000e DA68     		ldr	r2, [r3, #12]
 587 0010 7B88     		ldrh	r3, [r7, #2]
 588 0012 5A40     		eors	r2, r2, r3
 589 0014 7B68     		ldr	r3, [r7, #4]
 590 0016 DA60     		str	r2, [r3, #12]
 591 0018 00BF     		nop
ARM GAS  C:\Users\hopnt\AppData\Local\Temp\ccSAVbhl.s 			page 11


 592 001a 0C37     		adds	r7, r7, #12
 593 001c BD46     		mov	sp, r7
 594              		@ sp needed
 595 001e 80BC     		pop	{r7}
 596 0020 7047     		bx	lr
 598              		.section	.text.GPIO_WriteBit,"ax",%progbits
 599              		.align	1
 600              		.global	GPIO_WriteBit
 601              		.syntax unified
 602              		.thumb
 603              		.thumb_func
 605              	GPIO_WriteBit:
 606              		@ args = 0, pretend = 0, frame = 8
 607              		@ frame_needed = 1, uses_anonymous_args = 0
 608              		@ link register save eliminated.
 609 0000 80B4     		push	{r7}
 610 0002 83B0     		sub	sp, sp, #12
 611 0004 00AF     		add	r7, sp, #0
 612 0006 7860     		str	r0, [r7, #4]
 613 0008 0B46     		mov	r3, r1
 614 000a 7B80     		strh	r3, [r7, #2]	@ movhi
 615 000c 1346     		mov	r3, r2
 616 000e 7B70     		strb	r3, [r7, #1]
 617 0010 7B78     		ldrb	r3, [r7, #1]	@ zero_extendqisi2
 618 0012 002B     		cmp	r3, #0
 619 0014 03D0     		beq	.L43
 620 0016 7A88     		ldrh	r2, [r7, #2]
 621 0018 7B68     		ldr	r3, [r7, #4]
 622 001a 1A61     		str	r2, [r3, #16]
 623 001c 02E0     		b	.L45
 624              	.L43:
 625 001e 7A88     		ldrh	r2, [r7, #2]
 626 0020 7B68     		ldr	r3, [r7, #4]
 627 0022 5A61     		str	r2, [r3, #20]
 628              	.L45:
 629 0024 00BF     		nop
 630 0026 0C37     		adds	r7, r7, #12
 631 0028 BD46     		mov	sp, r7
 632              		@ sp needed
 633 002a 80BC     		pop	{r7}
 634 002c 7047     		bx	lr
 636              		.section	.text.GPIO_Write,"ax",%progbits
 637              		.align	1
 638              		.global	GPIO_Write
 639              		.syntax unified
 640              		.thumb
 641              		.thumb_func
 643              	GPIO_Write:
 644              		@ args = 0, pretend = 0, frame = 8
 645              		@ frame_needed = 1, uses_anonymous_args = 0
 646              		@ link register save eliminated.
 647 0000 80B4     		push	{r7}
 648 0002 83B0     		sub	sp, sp, #12
 649 0004 00AF     		add	r7, sp, #0
 650 0006 7860     		str	r0, [r7, #4]
 651 0008 0B46     		mov	r3, r1
 652 000a 7B80     		strh	r3, [r7, #2]	@ movhi
ARM GAS  C:\Users\hopnt\AppData\Local\Temp\ccSAVbhl.s 			page 12


 653 000c 7A88     		ldrh	r2, [r7, #2]
 654 000e 7B68     		ldr	r3, [r7, #4]
 655 0010 DA60     		str	r2, [r3, #12]
 656 0012 00BF     		nop
 657 0014 0C37     		adds	r7, r7, #12
 658 0016 BD46     		mov	sp, r7
 659              		@ sp needed
 660 0018 80BC     		pop	{r7}
 661 001a 7047     		bx	lr
 663              		.section	.text.GPIO_PinLockConfig,"ax",%progbits
 664              		.align	1
 665              		.global	GPIO_PinLockConfig
 666              		.syntax unified
 667              		.thumb
 668              		.thumb_func
 670              	GPIO_PinLockConfig:
 671              		@ args = 0, pretend = 0, frame = 16
 672              		@ frame_needed = 1, uses_anonymous_args = 0
 673              		@ link register save eliminated.
 674 0000 80B4     		push	{r7}
 675 0002 85B0     		sub	sp, sp, #20
 676 0004 00AF     		add	r7, sp, #0
 677 0006 7860     		str	r0, [r7, #4]
 678 0008 0B46     		mov	r3, r1
 679 000a 7B80     		strh	r3, [r7, #2]	@ movhi
 680 000c 4FF48033 		mov	r3, #65536
 681 0010 FB60     		str	r3, [r7, #12]
 682 0012 7B88     		ldrh	r3, [r7, #2]
 683 0014 FA68     		ldr	r2, [r7, #12]
 684 0016 1343     		orrs	r3, r3, r2
 685 0018 FB60     		str	r3, [r7, #12]
 686 001a 7B68     		ldr	r3, [r7, #4]
 687 001c FA68     		ldr	r2, [r7, #12]
 688 001e 9A61     		str	r2, [r3, #24]
 689 0020 7A88     		ldrh	r2, [r7, #2]
 690 0022 7B68     		ldr	r3, [r7, #4]
 691 0024 9A61     		str	r2, [r3, #24]
 692 0026 7B68     		ldr	r3, [r7, #4]
 693 0028 FA68     		ldr	r2, [r7, #12]
 694 002a 9A61     		str	r2, [r3, #24]
 695 002c 7B68     		ldr	r3, [r7, #4]
 696 002e 9B69     		ldr	r3, [r3, #24]
 697 0030 FB60     		str	r3, [r7, #12]
 698 0032 7B68     		ldr	r3, [r7, #4]
 699 0034 9B69     		ldr	r3, [r3, #24]
 700 0036 FB60     		str	r3, [r7, #12]
 701 0038 00BF     		nop
 702 003a 1437     		adds	r7, r7, #20
 703 003c BD46     		mov	sp, r7
 704              		@ sp needed
 705 003e 80BC     		pop	{r7}
 706 0040 7047     		bx	lr
 708              		.section	.text.GPIO_EventOutputConfig,"ax",%progbits
 709              		.align	1
 710              		.global	GPIO_EventOutputConfig
 711              		.syntax unified
 712              		.thumb
ARM GAS  C:\Users\hopnt\AppData\Local\Temp\ccSAVbhl.s 			page 13


 713              		.thumb_func
 715              	GPIO_EventOutputConfig:
 716              		@ args = 0, pretend = 0, frame = 16
 717              		@ frame_needed = 1, uses_anonymous_args = 0
 718              		@ link register save eliminated.
 719 0000 80B4     		push	{r7}
 720 0002 85B0     		sub	sp, sp, #20
 721 0004 00AF     		add	r7, sp, #0
 722 0006 0346     		mov	r3, r0
 723 0008 0A46     		mov	r2, r1
 724 000a FB71     		strb	r3, [r7, #7]
 725 000c 1346     		mov	r3, r2
 726 000e BB71     		strb	r3, [r7, #6]
 727 0010 0023     		movs	r3, #0
 728 0012 FB60     		str	r3, [r7, #12]
 729 0014 0C4B     		ldr	r3, .L49
 730 0016 1B68     		ldr	r3, [r3]
 731 0018 FB60     		str	r3, [r7, #12]
 732 001a FA68     		ldr	r2, [r7, #12]
 733 001c 4FF68073 		movw	r3, #65408
 734 0020 1340     		ands	r3, r3, r2
 735 0022 FB60     		str	r3, [r7, #12]
 736 0024 FB79     		ldrb	r3, [r7, #7]	@ zero_extendqisi2
 737 0026 1B01     		lsls	r3, r3, #4
 738 0028 FA68     		ldr	r2, [r7, #12]
 739 002a 1343     		orrs	r3, r3, r2
 740 002c FB60     		str	r3, [r7, #12]
 741 002e BB79     		ldrb	r3, [r7, #6]	@ zero_extendqisi2
 742 0030 FA68     		ldr	r2, [r7, #12]
 743 0032 1343     		orrs	r3, r3, r2
 744 0034 FB60     		str	r3, [r7, #12]
 745 0036 044A     		ldr	r2, .L49
 746 0038 FB68     		ldr	r3, [r7, #12]
 747 003a 1360     		str	r3, [r2]
 748 003c 00BF     		nop
 749 003e 1437     		adds	r7, r7, #20
 750 0040 BD46     		mov	sp, r7
 751              		@ sp needed
 752 0042 80BC     		pop	{r7}
 753 0044 7047     		bx	lr
 754              	.L50:
 755 0046 00BF     		.align	2
 756              	.L49:
 757 0048 00000140 		.word	1073807360
 759              		.section	.text.GPIO_EventOutputCmd,"ax",%progbits
 760              		.align	1
 761              		.global	GPIO_EventOutputCmd
 762              		.syntax unified
 763              		.thumb
 764              		.thumb_func
 766              	GPIO_EventOutputCmd:
 767              		@ args = 0, pretend = 0, frame = 8
 768              		@ frame_needed = 1, uses_anonymous_args = 0
 769              		@ link register save eliminated.
 770 0000 80B4     		push	{r7}
 771 0002 83B0     		sub	sp, sp, #12
 772 0004 00AF     		add	r7, sp, #0
ARM GAS  C:\Users\hopnt\AppData\Local\Temp\ccSAVbhl.s 			page 14


 773 0006 0346     		mov	r3, r0
 774 0008 FB71     		strb	r3, [r7, #7]
 775 000a 044A     		ldr	r2, .L52
 776 000c FB79     		ldrb	r3, [r7, #7]	@ zero_extendqisi2
 777 000e 1360     		str	r3, [r2]
 778 0010 00BF     		nop
 779 0012 0C37     		adds	r7, r7, #12
 780 0014 BD46     		mov	sp, r7
 781              		@ sp needed
 782 0016 80BC     		pop	{r7}
 783 0018 7047     		bx	lr
 784              	.L53:
 785 001a 00BF     		.align	2
 786              	.L52:
 787 001c 1C002042 		.word	1109393436
 789              		.section	.text.GPIO_PinRemapConfig,"ax",%progbits
 790              		.align	1
 791              		.global	GPIO_PinRemapConfig
 792              		.syntax unified
 793              		.thumb
 794              		.thumb_func
 796              	GPIO_PinRemapConfig:
 797              		@ args = 0, pretend = 0, frame = 24
 798              		@ frame_needed = 1, uses_anonymous_args = 0
 799              		@ link register save eliminated.
 800 0000 80B4     		push	{r7}
 801 0002 87B0     		sub	sp, sp, #28
 802 0004 00AF     		add	r7, sp, #0
 803 0006 7860     		str	r0, [r7, #4]
 804 0008 0B46     		mov	r3, r1
 805 000a FB70     		strb	r3, [r7, #3]
 806 000c 0023     		movs	r3, #0
 807 000e 3B61     		str	r3, [r7, #16]
 808 0010 0023     		movs	r3, #0
 809 0012 FB60     		str	r3, [r7, #12]
 810 0014 0023     		movs	r3, #0
 811 0016 7B61     		str	r3, [r7, #20]
 812 0018 0023     		movs	r3, #0
 813 001a BB60     		str	r3, [r7, #8]
 814 001c 7B68     		ldr	r3, [r7, #4]
 815 001e 002B     		cmp	r3, #0
 816 0020 03DA     		bge	.L55
 817 0022 2E4B     		ldr	r3, .L64
 818 0024 DB69     		ldr	r3, [r3, #28]
 819 0026 7B61     		str	r3, [r7, #20]
 820 0028 02E0     		b	.L56
 821              	.L55:
 822 002a 2C4B     		ldr	r3, .L64
 823 002c 5B68     		ldr	r3, [r3, #4]
 824 002e 7B61     		str	r3, [r7, #20]
 825              	.L56:
 826 0030 7B68     		ldr	r3, [r7, #4]
 827 0032 1B0C     		lsrs	r3, r3, #16
 828 0034 03F00F03 		and	r3, r3, #15
 829 0038 BB60     		str	r3, [r7, #8]
 830 003a 7B68     		ldr	r3, [r7, #4]
 831 003c 9BB2     		uxth	r3, r3
ARM GAS  C:\Users\hopnt\AppData\Local\Temp\ccSAVbhl.s 			page 15


 832 003e 3B61     		str	r3, [r7, #16]
 833 0040 7B68     		ldr	r3, [r7, #4]
 834 0042 03F44013 		and	r3, r3, #3145728
 835 0046 B3F5401F 		cmp	r3, #3145728
 836 004a 0AD1     		bne	.L57
 837 004c 7B69     		ldr	r3, [r7, #20]
 838 004e 23F07063 		bic	r3, r3, #251658240
 839 0052 7B61     		str	r3, [r7, #20]
 840 0054 214B     		ldr	r3, .L64
 841 0056 5B68     		ldr	r3, [r3, #4]
 842 0058 204A     		ldr	r2, .L64
 843 005a 23F07063 		bic	r3, r3, #251658240
 844 005e 5360     		str	r3, [r2, #4]
 845 0060 21E0     		b	.L58
 846              	.L57:
 847 0062 7B68     		ldr	r3, [r7, #4]
 848 0064 03F48013 		and	r3, r3, #1048576
 849 0068 002B     		cmp	r3, #0
 850 006a 0ED0     		beq	.L59
 851 006c 0322     		movs	r2, #3
 852 006e BB68     		ldr	r3, [r7, #8]
 853 0070 02FA03F3 		lsl	r3, r2, r3
 854 0074 FB60     		str	r3, [r7, #12]
 855 0076 FB68     		ldr	r3, [r7, #12]
 856 0078 DB43     		mvns	r3, r3
 857 007a 7A69     		ldr	r2, [r7, #20]
 858 007c 1340     		ands	r3, r3, r2
 859 007e 7B61     		str	r3, [r7, #20]
 860 0080 7B69     		ldr	r3, [r7, #20]
 861 0082 43F07063 		orr	r3, r3, #251658240
 862 0086 7B61     		str	r3, [r7, #20]
 863 0088 0DE0     		b	.L58
 864              	.L59:
 865 008a 7B68     		ldr	r3, [r7, #4]
 866 008c 5B0D     		lsrs	r3, r3, #21
 867 008e 1B01     		lsls	r3, r3, #4
 868 0090 3A69     		ldr	r2, [r7, #16]
 869 0092 02FA03F3 		lsl	r3, r2, r3
 870 0096 DB43     		mvns	r3, r3
 871 0098 7A69     		ldr	r2, [r7, #20]
 872 009a 1340     		ands	r3, r3, r2
 873 009c 7B61     		str	r3, [r7, #20]
 874 009e 7B69     		ldr	r3, [r7, #20]
 875 00a0 43F07063 		orr	r3, r3, #251658240
 876 00a4 7B61     		str	r3, [r7, #20]
 877              	.L58:
 878 00a6 FB78     		ldrb	r3, [r7, #3]	@ zero_extendqisi2
 879 00a8 002B     		cmp	r3, #0
 880 00aa 08D0     		beq	.L60
 881 00ac 7B68     		ldr	r3, [r7, #4]
 882 00ae 5B0D     		lsrs	r3, r3, #21
 883 00b0 1B01     		lsls	r3, r3, #4
 884 00b2 3A69     		ldr	r2, [r7, #16]
 885 00b4 02FA03F3 		lsl	r3, r2, r3
 886 00b8 7A69     		ldr	r2, [r7, #20]
 887 00ba 1343     		orrs	r3, r3, r2
 888 00bc 7B61     		str	r3, [r7, #20]
ARM GAS  C:\Users\hopnt\AppData\Local\Temp\ccSAVbhl.s 			page 16


 889              	.L60:
 890 00be 7B68     		ldr	r3, [r7, #4]
 891 00c0 002B     		cmp	r3, #0
 892 00c2 03DA     		bge	.L61
 893 00c4 054A     		ldr	r2, .L64
 894 00c6 7B69     		ldr	r3, [r7, #20]
 895 00c8 D361     		str	r3, [r2, #28]
 896 00ca 02E0     		b	.L63
 897              	.L61:
 898 00cc 034A     		ldr	r2, .L64
 899 00ce 7B69     		ldr	r3, [r7, #20]
 900 00d0 5360     		str	r3, [r2, #4]
 901              	.L63:
 902 00d2 00BF     		nop
 903 00d4 1C37     		adds	r7, r7, #28
 904 00d6 BD46     		mov	sp, r7
 905              		@ sp needed
 906 00d8 80BC     		pop	{r7}
 907 00da 7047     		bx	lr
 908              	.L65:
 909              		.align	2
 910              	.L64:
 911 00dc 00000140 		.word	1073807360
 913              		.section	.text.GPIO_EXTILineConfig,"ax",%progbits
 914              		.align	1
 915              		.global	GPIO_EXTILineConfig
 916              		.syntax unified
 917              		.thumb
 918              		.thumb_func
 920              	GPIO_EXTILineConfig:
 921              		@ args = 0, pretend = 0, frame = 16
 922              		@ frame_needed = 1, uses_anonymous_args = 0
 923              		@ link register save eliminated.
 924 0000 80B4     		push	{r7}
 925 0002 85B0     		sub	sp, sp, #20
 926 0004 00AF     		add	r7, sp, #0
 927 0006 0346     		mov	r3, r0
 928 0008 0A46     		mov	r2, r1
 929 000a FB71     		strb	r3, [r7, #7]
 930 000c 1346     		mov	r3, r2
 931 000e BB71     		strb	r3, [r7, #6]
 932 0010 0023     		movs	r3, #0
 933 0012 FB60     		str	r3, [r7, #12]
 934 0014 BB79     		ldrb	r3, [r7, #6]	@ zero_extendqisi2
 935 0016 03F00303 		and	r3, r3, #3
 936 001a 9B00     		lsls	r3, r3, #2
 937 001c 0F22     		movs	r2, #15
 938 001e 02FA03F3 		lsl	r3, r2, r3
 939 0022 FB60     		str	r3, [r7, #12]
 940 0024 154A     		ldr	r2, .L67
 941 0026 BB79     		ldrb	r3, [r7, #6]	@ zero_extendqisi2
 942 0028 9B08     		lsrs	r3, r3, #2
 943 002a DBB2     		uxtb	r3, r3
 944 002c 0233     		adds	r3, r3, #2
 945 002e 52F82320 		ldr	r2, [r2, r3, lsl #2]
 946 0032 FB68     		ldr	r3, [r7, #12]
 947 0034 DB43     		mvns	r3, r3
ARM GAS  C:\Users\hopnt\AppData\Local\Temp\ccSAVbhl.s 			page 17


 948 0036 1148     		ldr	r0, .L67
 949 0038 B979     		ldrb	r1, [r7, #6]	@ zero_extendqisi2
 950 003a 8908     		lsrs	r1, r1, #2
 951 003c C9B2     		uxtb	r1, r1
 952 003e 1A40     		ands	r2, r2, r3
 953 0040 8B1C     		adds	r3, r1, #2
 954 0042 40F82320 		str	r2, [r0, r3, lsl #2]
 955 0046 0D4A     		ldr	r2, .L67
 956 0048 BB79     		ldrb	r3, [r7, #6]	@ zero_extendqisi2
 957 004a 9B08     		lsrs	r3, r3, #2
 958 004c DBB2     		uxtb	r3, r3
 959 004e 0233     		adds	r3, r3, #2
 960 0050 52F82320 		ldr	r2, [r2, r3, lsl #2]
 961 0054 F979     		ldrb	r1, [r7, #7]	@ zero_extendqisi2
 962 0056 BB79     		ldrb	r3, [r7, #6]	@ zero_extendqisi2
 963 0058 03F00303 		and	r3, r3, #3
 964 005c 9B00     		lsls	r3, r3, #2
 965 005e 01FA03F3 		lsl	r3, r1, r3
 966 0062 0648     		ldr	r0, .L67
 967 0064 B979     		ldrb	r1, [r7, #6]	@ zero_extendqisi2
 968 0066 8908     		lsrs	r1, r1, #2
 969 0068 C9B2     		uxtb	r1, r1
 970 006a 1A43     		orrs	r2, r2, r3
 971 006c 8B1C     		adds	r3, r1, #2
 972 006e 40F82320 		str	r2, [r0, r3, lsl #2]
 973 0072 00BF     		nop
 974 0074 1437     		adds	r7, r7, #20
 975 0076 BD46     		mov	sp, r7
 976              		@ sp needed
 977 0078 80BC     		pop	{r7}
 978 007a 7047     		bx	lr
 979              	.L68:
 980              		.align	2
 981              	.L67:
 982 007c 00000140 		.word	1073807360
 984              		.section	.text.GPIO_ETH_MediaInterfaceConfig,"ax",%progbits
 985              		.align	1
 986              		.global	GPIO_ETH_MediaInterfaceConfig
 987              		.syntax unified
 988              		.thumb
 989              		.thumb_func
 991              	GPIO_ETH_MediaInterfaceConfig:
 992              		@ args = 0, pretend = 0, frame = 8
 993              		@ frame_needed = 1, uses_anonymous_args = 0
 994              		@ link register save eliminated.
 995 0000 80B4     		push	{r7}
 996 0002 83B0     		sub	sp, sp, #12
 997 0004 00AF     		add	r7, sp, #0
 998 0006 7860     		str	r0, [r7, #4]
 999 0008 034A     		ldr	r2, .L70
 1000 000a 7B68     		ldr	r3, [r7, #4]
 1001 000c 1360     		str	r3, [r2]
 1002 000e 00BF     		nop
 1003 0010 0C37     		adds	r7, r7, #12
 1004 0012 BD46     		mov	sp, r7
 1005              		@ sp needed
 1006 0014 80BC     		pop	{r7}
ARM GAS  C:\Users\hopnt\AppData\Local\Temp\ccSAVbhl.s 			page 18


 1007 0016 7047     		bx	lr
 1008              	.L71:
 1009              		.align	2
 1010              	.L70:
 1011 0018 DC002042 		.word	1109393628
 1013              		.ident	"GCC: (GNU Arm Embedded Toolchain 10.3-2021.10) 10.3.1 20210824 (release)"
ARM GAS  C:\Users\hopnt\AppData\Local\Temp\ccSAVbhl.s 			page 19


DEFINED SYMBOLS
                            *ABS*:00000000 stm32f10x_gpio.c
C:\Users\hopnt\AppData\Local\Temp\ccSAVbhl.s:16     .text.GPIO_DeInit:00000000 $t
C:\Users\hopnt\AppData\Local\Temp\ccSAVbhl.s:22     .text.GPIO_DeInit:00000000 GPIO_DeInit
C:\Users\hopnt\AppData\Local\Temp\ccSAVbhl.s:120    .text.GPIO_DeInit:000000c8 $d
C:\Users\hopnt\AppData\Local\Temp\ccSAVbhl.s:129    .text.GPIO_AFIODeInit:00000000 $t
C:\Users\hopnt\AppData\Local\Temp\ccSAVbhl.s:135    .text.GPIO_AFIODeInit:00000000 GPIO_AFIODeInit
C:\Users\hopnt\AppData\Local\Temp\ccSAVbhl.s:150    .text.GPIO_Init:00000000 $t
C:\Users\hopnt\AppData\Local\Temp\ccSAVbhl.s:156    .text.GPIO_Init:00000000 GPIO_Init
C:\Users\hopnt\AppData\Local\Temp\ccSAVbhl.s:354    .text.GPIO_StructInit:00000000 $t
C:\Users\hopnt\AppData\Local\Temp\ccSAVbhl.s:360    .text.GPIO_StructInit:00000000 GPIO_StructInit
C:\Users\hopnt\AppData\Local\Temp\ccSAVbhl.s:385    .text.GPIO_ReadInputDataBit:00000000 $t
C:\Users\hopnt\AppData\Local\Temp\ccSAVbhl.s:391    .text.GPIO_ReadInputDataBit:00000000 GPIO_ReadInputDataBit
C:\Users\hopnt\AppData\Local\Temp\ccSAVbhl.s:425    .text.GPIO_ReadInputData:00000000 $t
C:\Users\hopnt\AppData\Local\Temp\ccSAVbhl.s:431    .text.GPIO_ReadInputData:00000000 GPIO_ReadInputData
C:\Users\hopnt\AppData\Local\Temp\ccSAVbhl.s:450    .text.GPIO_ReadOutputDataBit:00000000 $t
C:\Users\hopnt\AppData\Local\Temp\ccSAVbhl.s:456    .text.GPIO_ReadOutputDataBit:00000000 GPIO_ReadOutputDataBit
C:\Users\hopnt\AppData\Local\Temp\ccSAVbhl.s:490    .text.GPIO_ReadOutputData:00000000 $t
C:\Users\hopnt\AppData\Local\Temp\ccSAVbhl.s:496    .text.GPIO_ReadOutputData:00000000 GPIO_ReadOutputData
C:\Users\hopnt\AppData\Local\Temp\ccSAVbhl.s:515    .text.GPIO_SetBits:00000000 $t
C:\Users\hopnt\AppData\Local\Temp\ccSAVbhl.s:521    .text.GPIO_SetBits:00000000 GPIO_SetBits
C:\Users\hopnt\AppData\Local\Temp\ccSAVbhl.s:542    .text.GPIO_ResetBits:00000000 $t
C:\Users\hopnt\AppData\Local\Temp\ccSAVbhl.s:548    .text.GPIO_ResetBits:00000000 GPIO_ResetBits
C:\Users\hopnt\AppData\Local\Temp\ccSAVbhl.s:569    .text.GPIO_TogglePin:00000000 $t
C:\Users\hopnt\AppData\Local\Temp\ccSAVbhl.s:575    .text.GPIO_TogglePin:00000000 GPIO_TogglePin
C:\Users\hopnt\AppData\Local\Temp\ccSAVbhl.s:599    .text.GPIO_WriteBit:00000000 $t
C:\Users\hopnt\AppData\Local\Temp\ccSAVbhl.s:605    .text.GPIO_WriteBit:00000000 GPIO_WriteBit
C:\Users\hopnt\AppData\Local\Temp\ccSAVbhl.s:637    .text.GPIO_Write:00000000 $t
C:\Users\hopnt\AppData\Local\Temp\ccSAVbhl.s:643    .text.GPIO_Write:00000000 GPIO_Write
C:\Users\hopnt\AppData\Local\Temp\ccSAVbhl.s:664    .text.GPIO_PinLockConfig:00000000 $t
C:\Users\hopnt\AppData\Local\Temp\ccSAVbhl.s:670    .text.GPIO_PinLockConfig:00000000 GPIO_PinLockConfig
C:\Users\hopnt\AppData\Local\Temp\ccSAVbhl.s:709    .text.GPIO_EventOutputConfig:00000000 $t
C:\Users\hopnt\AppData\Local\Temp\ccSAVbhl.s:715    .text.GPIO_EventOutputConfig:00000000 GPIO_EventOutputConfig
C:\Users\hopnt\AppData\Local\Temp\ccSAVbhl.s:757    .text.GPIO_EventOutputConfig:00000048 $d
C:\Users\hopnt\AppData\Local\Temp\ccSAVbhl.s:760    .text.GPIO_EventOutputCmd:00000000 $t
C:\Users\hopnt\AppData\Local\Temp\ccSAVbhl.s:766    .text.GPIO_EventOutputCmd:00000000 GPIO_EventOutputCmd
C:\Users\hopnt\AppData\Local\Temp\ccSAVbhl.s:787    .text.GPIO_EventOutputCmd:0000001c $d
C:\Users\hopnt\AppData\Local\Temp\ccSAVbhl.s:790    .text.GPIO_PinRemapConfig:00000000 $t
C:\Users\hopnt\AppData\Local\Temp\ccSAVbhl.s:796    .text.GPIO_PinRemapConfig:00000000 GPIO_PinRemapConfig
C:\Users\hopnt\AppData\Local\Temp\ccSAVbhl.s:911    .text.GPIO_PinRemapConfig:000000dc $d
C:\Users\hopnt\AppData\Local\Temp\ccSAVbhl.s:914    .text.GPIO_EXTILineConfig:00000000 $t
C:\Users\hopnt\AppData\Local\Temp\ccSAVbhl.s:920    .text.GPIO_EXTILineConfig:00000000 GPIO_EXTILineConfig
C:\Users\hopnt\AppData\Local\Temp\ccSAVbhl.s:982    .text.GPIO_EXTILineConfig:0000007c $d
C:\Users\hopnt\AppData\Local\Temp\ccSAVbhl.s:985    .text.GPIO_ETH_MediaInterfaceConfig:00000000 $t
C:\Users\hopnt\AppData\Local\Temp\ccSAVbhl.s:991    .text.GPIO_ETH_MediaInterfaceConfig:00000000 GPIO_ETH_MediaInterfaceConfig
C:\Users\hopnt\AppData\Local\Temp\ccSAVbhl.s:1011   .text.GPIO_ETH_MediaInterfaceConfig:00000018 $d

UNDEFINED SYMBOLS
RCC_APB2PeriphResetCmd
